<?xml version="1.0" encoding="UTF-8"?>
<!-- Generated by org.testng.reporters.JUnitReportReporter -->
<testsuite hostname="BSL-BNG-L852" failures="0" tests="1" name="tests.TestsOnLocalAPI" time="1.262" errors="0" timestamp="2022-01-07T12:14:40 IST" skipped="0">
  <testcase classname="tests.TestsOnLocalAPI" name="delete" time="1.262"/>
  <system-out/>
</testsuite> <!-- tests.TestsOnLocalAPI -->
