<?xml version="1.0" encoding="UTF-8"?>
<!-- Generated by org.testng.reporters.JUnitReportReporter -->
<testsuite hostname="BSL-BNG-L852" failures="0" tests="1" name="tests.PutPatchAndDeleteExamples" time="2.293" errors="0" timestamp="2022-01-06T17:51:37 IST" skipped="0">
  <testcase classname="tests.PutPatchAndDeleteExamples" name="testDelete" time="2.293"/>
  <system-out/>
</testsuite> <!-- tests.PutPatchAndDeleteExamples -->
