<?xml version="1.0" encoding="UTF-8"?>
<!-- Generated by org.testng.reporters.JUnitReportReporter -->
<testsuite hostname="BSL-BNG-L852" failures="0" tests="1" name="tests.PutPatchAndDeleteExamples" time="1.860" errors="0" timestamp="2022-01-07T15:14:54 IST" skipped="0">
  <testcase classname="tests.PutPatchAndDeleteExamples" name="testPut" time="1.860"/>
  <system-out/>
</testsuite> <!-- tests.PutPatchAndDeleteExamples -->
