<?xml version="1.0" encoding="UTF-8"?>
<!-- Generated by org.testng.reporters.JUnitReportReporter -->
<testsuite hostname="BSL-BNG-L852" failures="0" tests="1" name="tests.GETandPOSTExamples" time="2.039" errors="0" timestamp="2022-01-06T15:39:06 IST" skipped="0">
  <testcase classname="tests.GETandPOSTExamples" name="testPOST" time="2.039"/>
  <system-out/>
</testsuite> <!-- tests.GETandPOSTExamples -->
