<?xml version="1.0" encoding="UTF-8"?>
<!-- Generated by org.testng.reporters.JUnitReportReporter -->
<testsuite hostname="BSL-BNG-L852" failures="0" tests="1" name="tests.SoapXMLRequest" time="2.475" errors="0" timestamp="2022-01-07T14:00:23 IST" skipped="0">
  <testcase classname="tests.SoapXMLRequest" name="validateSoapXML" time="2.475"/>
  <system-out/>
</testsuite> <!-- tests.SoapXMLRequest -->
