<?xml version="1.0" encoding="UTF-8"?>
<!-- Generated by org.testng.reporters.JUnitReportReporter -->
<testsuite hostname="BSL-BNG-L852" failures="0" tests="1" name="tests.XMLSchemaValidation" time="3.230" errors="0" timestamp="2022-01-07T14:24:59 IST" skipped="0">
  <testcase classname="tests.XMLSchemaValidation" name="schemaValidation" time="3.230"/>
  <system-out/>
</testsuite> <!-- tests.XMLSchemaValidation -->
