<?xml version="1.0" encoding="UTF-8"?>
<!-- Generated by org.testng.reporters.JUnitReportReporter -->
<testsuite hostname="BSL-BNG-L852" failures="0" tests="1" name="tests.JSONSchemaValidator" time="1.814" errors="0" timestamp="2022-01-07T12:48:28 IST" skipped="0">
  <testcase classname="tests.JSONSchemaValidator" name="testGet" time="1.814"/>
  <system-out/>
</testsuite> <!-- tests.JSONSchemaValidator -->
