<?xml version="1.0" encoding="UTF-8"?>
<!-- Generated by org.testng.reporters.JUnitReportReporter -->
<testsuite hostname="BSL-BNG-L852" failures="0" tests="1" name="tests.TestOne" time="1.748" errors="0" timestamp="2022-01-06T14:57:23 IST" skipped="0">
  <testcase classname="tests.TestOne" name="test_2" time="1.748"/>
  <system-out/>
</testsuite> <!-- tests.TestOne -->
